census control: exhaustive 24 light b (rank 16) vs subset 18; superset=True preimages-valid=True
exhaustive-b probe over 962 C-safe cells (resume-skip 0)
  [20/962] 130s dips=0
  [40/962] 165s dips=0
  [60/962] 202s dips=0
  RELAXED RUNG DIP: Z4xZ6 x*y^4 + x^2*y^5 + x^3*y^3 | y^3 + y^5 + x*y^3 + x*y^5 x min_margin=-2 (hunt CSAFE_DOUBLES)
  [80/962] 281s dips=1
  RELAXED RUNG DIP: Z3xZ5 y^4 + x*y^4 + x^2*y + x^2*y^3 | y^2 + x*y^4 + x^2*y^2 + x^2*y^4 x min_margin=-2 (hunt CSAFE_DOUBLES)
  [100/962] 283s dips=2
  RELAXED RUNG DIP: Z3xZ6 y + y^5 + x + x^2*y^4 + x^2*y^5 | y^3 + y^4 + x*y + x*y^4 + x^2*y^4 x min_margin=-2 (hunt CSAFE_DOUBLES)
  [120/962] 288s dips=3
  [140/962] 289s dips=3
  RELAXED RUNG DIP: Z3xZ5 y^3 + y^4 + x + x^2*y | y^2 + y^3 + x + x^2*y^2 y min_margin=-2 (hunt CSAFE_DOUBLES)
  [160/962] 291s dips=4
  RELAXED RUNG DIP: Z3xZ6 1 + x*y^4 + x^2*y + x^2*y^4 + x^2*y^5 | x*y^2 + x^2*y + x^2*y^3 + x^2*y^4 + x^2*y^5 y min_margin=-2 (hunt CSAFE_DOUBLES)
  [180/962] 301s dips=5
  [200/962] 302s dips=5
  [220/962] 313s dips=5
  [240/962] 319s dips=5
  [260/962] 320s dips=5
  [280/962] 321s dips=5
  [300/962] 321s dips=5
  [320/962] 321s dips=5
  [340/962] 321s dips=5
  [360/962] 322s dips=5
  [380/962] 323s dips=5
  [400/962] 325s dips=5
  [420/962] 333s dips=5
  [440/962] 335s dips=5
  [460/962] 335s dips=5
  [480/962] 335s dips=5
  [500/962] 336s dips=5
  RELAXED RUNG DIP: Z4xZ4 1 + y^3 + x*y + x^2*y^3 | y^2 + y^3 + x^3*y + x^3*y^3 y min_margin=-2 (hunt CSAFE_DOUBLES)
  [520/962] 338s dips=6
  [540/962] 339s dips=6
  [560/962] 341s dips=6
  [580/962] 342s dips=6
  [600/962] 343s dips=6
  [620/962] 343s dips=6
  [640/962] 343s dips=6
  RELAXED RUNG DIP: Z3xZ4 y^3 + x + x*y + x^2*y | y^3 + x*y + x^2 + x^2*y^3 y min_margin=-4 (hunt CSAFE_DOUBLES)
  [660/962] 343s dips=7
  [680/962] 346s dips=7
  RELAXED RUNG DIP: Z4xZ4 x*y^2 + x^2*y^3 + x^3 + x^3*y^3 | x*y^3 + x^2*y^3 + x^3*y + x^3*y^2 y min_margin=-2 (hunt CSAFE_DOUBLES)
  [700/962] 350s dips=8
  [720/962] 354s dips=8
  [740/962] 355s dips=8
  [760/962] 355s dips=8
  [780/962] 355s dips=8
  [800/962] 355s dips=8
  [820/962] 356s dips=8
  [840/962] 361s dips=8
  [860/962] 367s dips=8
  [880/962] 369s dips=8
  [900/962] 371s dips=8
  [920/962] 371s dips=8
  [940/962] 371s dips=8
  [960/962] 371s dips=8
done: 8 dip cells; sharpest margins: [(-4, 'Z3xZ4', 'y^3 + x + x*y + x^2*y', 'y^3 + x*y + x^2 + x^2*y^3', 'y'), (-2, 'Z4xZ6', 'x*y^4 + x^2*y^5 + x^3*y^3', 'y^3 + y^5 + x*y^3 + x*y^5', 'x'), (-2, 'Z3xZ5', 'y^4 + x*y^4 + x^2*y + x^2*y^3', 'y^2 + x*y^4 + x^2*y^2 + x^2*y^4', 'x'), (-2, 'Z3xZ6', 'y + y^5 + x + x^2*y^4 + x^2*y^5', 'y^3 + y^4 + x*y + x*y^4 + x^2*y^4', 'x'), (-2, 'Z3xZ5', 'y^3 + y^4 + x + x^2*y', 'y^2 + y^3 + x + x^2*y^2', 'y')]
