self-test (bb_108 gates + iv/v): PASS

========================================================================
frame Z5×Z10  (|G|=50, frame shape Z2, even axes [1])
weight-3 translation-classes: 1176; mult-free+mirrored: 552; +floor/Ann gates: 0 (mono-x 0, mono-y 0)
members (b: disjoint diff sets): 0

(iv) fails: 0   (v) fails: 0   [0s]
(2,2) pipeline tally over 0 classified members:
  stage-3 residue rows: 0; profile-lemma-resistant ('neither'): 0
  (iv) kill-profile tags: {}

========================================================================
frame Z15×Z5  (|G|=75, frame shape semisimple, even axes [])
weight-3 translation-classes: 2701; mult-free+mirrored: 1416; +floor/Ann gates: 1104 (mono-x 156, mono-y 948)
members (b: disjoint diff sets): 125640
  !! member cap 20000 hit — checking the first 20000 (deterministic order)
  ... 500/20000 members (40s)
  ... 1000/20000 members (73s)
  ... 1500/20000 members (104s)
  ... 2000/20000 members (135s)
  ... 2500/20000 members (167s)
  ... 3000/20000 members (200s)
  ... 3500/20000 members (232s)
  ... 4000/20000 members (267s)
  ... 4500/20000 members (304s)
  ... 5000/20000 members (339s)
  ... 5500/20000 members (372s)
  ... 6000/20000 members (403s)
  ... 6500/20000 members (434s)
  ... 7000/20000 members (466s)
  ... 7500/20000 members (498s)
  ... 8000/20000 members (529s)
  ... 8500/20000 members (558s)
  ... 9000/20000 members (576s)
  ... 9500/20000 members (595s)
  ... 10000/20000 members (614s)
  ... 10500/20000 members (634s)
  ... 11000/20000 members (654s)
  ... 11500/20000 members (673s)
  ... 12000/20000 members (694s)
  ... 12500/20000 members (716s)
  ... 13000/20000 members (1352s)
  ... 13500/20000 members (1373s)
  ... 14000/20000 members (1394s)
  ... 14500/20000 members (1465s)
  ... 15000/20000 members (1486s)
  ... 15500/20000 members (2405s)
  ... 16000/20000 members (2431s)
  ... 16500/20000 members (2458s)
  ... 17000/20000 members (2484s)
  ... 17500/20000 members (2510s)
  ... 18000/20000 members (2537s)
  ... 18500/20000 members (2560s)
  ... 19000/20000 members (2581s)
  ... 19500/20000 members (2609s)
  ... 20000/20000 members (2637s)

(iv) fails: 0   (v) fails: 0   [2637s]
(2,2) pipeline tally over 60 classified members:
    s1-y-weight              208800
    s2-x-weight              117012
    s3-size                  1388
    s3-residue-neither       916
    s3-residue-y             336
    s3-residue-x             72
    s3-residue-both          36
  stage-3 residue rows: 1360; profile-lemma-resistant ('neither'): 916
  'neither' examples (first few):
    {'A': [(0, 0), (0, 1), (1, 2)], 'B': [(0, 0), (1, 0), (2, 3)], 'dl': (1, 1), 'dr': (1, 3), 'size': 4, 'branch_y': 'y-3AP', 'branch_x': 'x-3AP'}
    {'A': [(0, 0), (0, 1), (1, 2)], 'B': [(0, 0), (1, 0), (2, 3)], 'dl': (1, 1), 'dr': (14, 2), 'size': 4, 'branch_y': 'y-3AP', 'branch_x': 'x-3AP'}
    {'A': [(0, 0), (0, 1), (1, 2)], 'B': [(0, 0), (1, 0), (2, 3)], 'dl': (2, 1), 'dr': (1, 1), 'size': 6, 'branch_y': 'y-3AP', 'branch_x': 'x-3AP'}
    {'A': [(0, 0), (0, 1), (1, 2)], 'B': [(0, 0), (1, 0), (2, 3)], 'dl': (2, 1), 'dr': (1, 4), 'size': 6, 'branch_y': 'y-3AP', 'branch_x': 'x-3AP'}
    {'A': [(0, 0), (0, 1), (1, 2)], 'B': [(0, 0), (1, 0), (2, 3)], 'dl': (2, 1), 'dr': (14, 1), 'size': 6, 'branch_y': 'y-3AP', 'branch_x': 'x-3AP'}
    {'A': [(0, 0), (0, 1), (1, 2)], 'B': [(0, 0), (1, 0), (2, 3)], 'dl': (2, 1), 'dr': (14, 4), 'size': 6, 'branch_y': 'y-3AP', 'branch_x': 'x-3AP'}
  (iv) kill-profile tags: {('13', 'both'): 21503, ('31', 'both'): 20000}

========================================================================
SUMMARY
  Z5xZ10: members 0, iv_fail 0, v_fail 0, neither-rows 0/0 classified
  Z15xZ5: members 20000, iv_fail 0, v_fail 0, neither-rows 916/60 classified
VERDICT: no violations — conjecture survives these frames
